<?xml version="1.0" encoding="UTF-8"?>
<testsuite xmlns:xsi="http://www.w3.org/2001/XMLSchema-instance" xsi:noNamespaceSchemaLocation="https://maven.apache.org/surefire/maven-surefire-plugin/xsd/surefire-test-report-3.0.xsd" version="3.0" name="com.ms.springboot.SpringbootDockerDemoApplicationTests" time="1.511" tests="1" errors="0" skipped="0" failures="0">
  <properties>
[...]
</properties>
  <testcase name="contextLoads" classname="com.ms.springboot.SpringbootDockerDemoApplicationTests" time="0.499">
    <system-out><![CDATA[21:27:09.700 [main] INFO org.springframework.test.context.support.AnnotationConfigContextLoaderUtils -- Could not detect default configuration classes for test class [com.ms.springboot.SpringbootDockerDemoApplicationTests]: SpringbootDockerDemoApplicationTests does not declare any static, non-private, non-final, nested classes annotated with @Configuration.
21:27:09.759 [main] INFO org.springframework.boot.test.context.SpringBootTestContextBootstrapper -- Found @SpringBootConfiguration com.ms.springboot.SpringbootDockerDemoApplication for test class com.ms.springboot.SpringbootDockerDemoApplicationTests

  .   ____          _            __ _ _
 /\\ / ___'_ __ _ _(_)_ __  __ _ \ \ \ \
( ( )\___ | '_ | '_| | '_ \/ _` | \ \ \ \
 \\/  ___)| |_)| | | | | || (_| |  ) ) ) )
  '  |____| .__|_| |_|_| |_\__, | / / / /
 =========|_|==============|___/=/_/_/_/
 :: Spring Boot ::                (v3.1.2)

2023-08-18T21:27:09.984+03:00  INFO 23544 --- [           main] m.s.SpringbootDockerDemoApplicationTests : Starting SpringbootDockerDemoApplicationTests using Java 20.0.2 with PID 23544 (started by SHK in D:\work\springboot-docker-demo)
2023-08-18T21:27:09.985+03:00  INFO 23544 --- [           main] m.s.SpringbootDockerDemoApplicationTests : No active profile set, falling back to 1 default profile: "default"
2023-08-18T21:27:10.603+03:00  INFO 23544 --- [           main] m.s.SpringbootDockerDemoApplicationTests : Started SpringbootDockerDemoApplicationTests in 0.761 seconds (process running for 1.307)
]]></system-out>
  </testcase>
</testsuite>